2023-07-20T23:36:47.367662+00:00 INFO 'ansible_navigator.setup_logger' New ansible-navigator instance, logging initialized
2023-07-20T23:36:47.367896+00:00 INFO 'ansible_navigator.setup_logger' New ansible-runner instance, logging initialized
2023-07-20T23:36:47.367937+00:00 DEBUG 'ansible_navigator.main' Jinja2==3.1.2 
2023-07-20T23:36:47.367966+00:00 DEBUG 'ansible_navigator.main' MarkupSafe==2.1.0 
2023-07-20T23:36:47.367992+00:00 DEBUG 'ansible_navigator.main' PyYAML==5.4.1 
2023-07-20T23:36:47.368017+00:00 DEBUG 'ansible_navigator.main' ansible-builder==3.0.0 
2023-07-20T23:36:47.368042+00:00 DEBUG 'ansible_navigator.main' ansible-core==2.15.0 
2023-07-20T23:36:47.368067+00:00 DEBUG 'ansible_navigator.main' ansible-navigator==3.3.1 
2023-07-20T23:36:47.368092+00:00 DEBUG 'ansible_navigator.main' ansible-runner==2.3.2 
2023-07-20T23:36:47.368116+00:00 DEBUG 'ansible_navigator.main' attrs==21.4.0 /usr/lib/python3.9/site-packages/attrs/__init__.py
2023-07-20T23:36:47.368140+00:00 DEBUG 'ansible_navigator.main' bindep==2.10.2 /usr/lib/python3.9/site-packages/bindep/__init__.py
2023-07-20T23:36:47.368165+00:00 DEBUG 'ansible_navigator.main' certifi==2022.12.7 /usr/lib/python3.9/site-packages/certifi/__init__.py
2023-07-20T23:36:47.368189+00:00 DEBUG 'ansible_navigator.main' cffi==1.15.0 /usr/lib64/python3.9/site-packages/cffi/__init__.py
2023-07-20T23:36:47.368214+00:00 DEBUG 'ansible_navigator.main' charset-normalizer==2.0.11 
2023-07-20T23:36:47.368239+00:00 DEBUG 'ansible_navigator.main' click==8.1.3 /usr/lib/python3.9/site-packages/click/__init__.py
2023-07-20T23:36:47.368263+00:00 DEBUG 'ansible_navigator.main' cryptography==38.0.4 /usr/lib64/python3.9/site-packages/cryptography/__init__.py
2023-07-20T23:36:47.368288+00:00 DEBUG 'ansible_navigator.main' dasbus==1.4 /usr/lib/python3.9/site-packages/dasbus/__init__.py
2023-07-20T23:36:47.368312+00:00 DEBUG 'ansible_navigator.main' dbus-python==1.2.18 
2023-07-20T23:36:47.368388+00:00 DEBUG 'ansible_navigator.main' decorator==4.4.2 /usr/lib/python3.9/site-packages/decorator.py
2023-07-20T23:36:47.368418+00:00 DEBUG 'ansible_navigator.main' distro==1.6.0 /usr/lib/python3.9/site-packages/distro.py
2023-07-20T23:36:47.368444+00:00 DEBUG 'ansible_navigator.main' docutils==0.16 /usr/lib/python3.9/site-packages/docutils/__init__.py
2023-07-20T23:36:47.368469+00:00 DEBUG 'ansible_navigator.main' ethtool==0.15 /usr/lib64/python3.9/site-packages/ethtool.cpython-39-x86_64-linux-gnu.so
2023-07-20T23:36:47.368494+00:00 DEBUG 'ansible_navigator.main' file-magic==0.4.0 
2023-07-20T23:36:47.368518+00:00 DEBUG 'ansible_navigator.main' idna==3.3 /usr/lib/python3.9/site-packages/idna/__init__.py
2023-07-20T23:36:47.368542+00:00 DEBUG 'ansible_navigator.main' importlib-metadata==4.10.1 
2023-07-20T23:36:47.368567+00:00 DEBUG 'ansible_navigator.main' importlib-resources==5.0.7 
2023-07-20T23:36:47.368591+00:00 DEBUG 'ansible_navigator.main' iniparse==0.4 /usr/lib/python3.9/site-packages/iniparse/__init__.py
2023-07-20T23:36:47.368616+00:00 DEBUG 'ansible_navigator.main' jsonschema==4.16.0 /usr/lib/python3.9/site-packages/jsonschema/__init__.py
2023-07-20T23:36:47.368640+00:00 DEBUG 'ansible_navigator.main' lockfile==0.12.2 /usr/lib/python3.9/site-packages/lockfile/__init__.py
2023-07-20T23:36:47.368665+00:00 DEBUG 'ansible_navigator.main' lxml==4.6.5 /usr/lib64/python3.9/site-packages/lxml/__init__.py
2023-07-20T23:36:47.368690+00:00 DEBUG 'ansible_navigator.main' onigurumacffi==1.1.0 /usr/lib64/python3.9/site-packages/onigurumacffi.py
2023-07-20T23:36:47.368714+00:00 DEBUG 'ansible_navigator.main' packaging==21.3 /usr/lib/python3.9/site-packages/packaging/__init__.py
2023-07-20T23:36:47.368739+00:00 DEBUG 'ansible_navigator.main' pbr==5.8.1 /usr/lib/python3.9/site-packages/pbr/__init__.py
2023-07-20T23:36:47.368763+00:00 DEBUG 'ansible_navigator.main' psutil==5.8.0 /usr/lib64/python3.9/site-packages/psutil/__init__.py
2023-07-20T23:36:47.368788+00:00 DEBUG 'ansible_navigator.main' psycopg2==2.9.3 /usr/lib64/python3.9/site-packages/psycopg2/__init__.py
2023-07-20T23:36:47.368812+00:00 DEBUG 'ansible_navigator.main' pycparser==2.21 /usr/lib/python3.9/site-packages/pycparser/__init__.py
2023-07-20T23:36:47.368843+00:00 DEBUG 'ansible_navigator.main' pyinotify==0.9.6 /usr/lib/python3.9/site-packages/pyinotify.py
2023-07-20T23:36:47.368869+00:00 DEBUG 'ansible_navigator.main' pyrsistent==0.17.3 /usr/lib64/python3.9/site-packages/pyrsistent/__init__.py
2023-07-20T23:36:47.368893+00:00 DEBUG 'ansible_navigator.main' python-daemon==2.3.0 
2023-07-20T23:36:47.368918+00:00 DEBUG 'ansible_navigator.main' python-dateutil==2.8.1 
2023-07-20T23:36:47.368943+00:00 DEBUG 'ansible_navigator.main' python-linux-procfs==0.7.0 
2023-07-20T23:36:47.368968+00:00 DEBUG 'ansible_navigator.main' pyudev==0.22.0 /usr/lib/python3.9/site-packages/pyudev/__init__.py
2023-07-20T23:36:47.368992+00:00 DEBUG 'ansible_navigator.main' receptorctl==1.4.1 /usr/lib/python3.9/site-packages/receptorctl/__init__.py
2023-07-20T23:36:47.369017+00:00 DEBUG 'ansible_navigator.main' requests==2.28.2 /usr/lib/python3.9/site-packages/requests/__init__.py
2023-07-20T23:36:47.369041+00:00 DEBUG 'ansible_navigator.main' requirements-parser==0.2.0 
2023-07-20T23:36:47.369066+00:00 DEBUG 'ansible_navigator.main' resolvelib==0.5.4 /usr/lib/python3.9/site-packages/resolvelib/__init__.py
2023-07-20T23:36:47.369091+00:00 DEBUG 'ansible_navigator.main' setools==4.4.0 /usr/lib64/python3.9/site-packages/setools/__init__.py
2023-07-20T23:36:47.369115+00:00 DEBUG 'ansible_navigator.main' setuptools==53.0.0 /usr/lib/python3.9/site-packages/setuptools/__init__.py
2023-07-20T23:36:47.369139+00:00 DEBUG 'ansible_navigator.main' six==1.16.0 /usr/lib/python3.9/site-packages/six.py
2023-07-20T23:36:47.369164+00:00 DEBUG 'ansible_navigator.main' subscription-manager==1.29.26.1 
2023-07-20T23:36:47.369189+00:00 DEBUG 'ansible_navigator.main' supervisor==4.2.4 /usr/lib/python3.9/site-packages/supervisor/__init__.py
2023-07-20T23:36:47.369213+00:00 DEBUG 'ansible_navigator.main' typing-extensions==3.10.0.2 
2023-07-20T23:36:47.369238+00:00 DEBUG 'ansible_navigator.main' urllib3==1.26.8 /usr/lib/python3.9/site-packages/urllib3/__init__.py
2023-07-20T23:36:47.369282+00:00 DEBUG 'ansible_navigator.main' zipp==3.4.0 /usr/lib/python3.9/site-packages/zipp.py
2023-07-20T23:36:47.369437+00:00 DEBUG 'ansible_navigator.main' Default collection_doc_cache_path set to: /home/jcadmus/.cache/ansible-navigator/collection_doc_cache.db
2023-07-20T23:36:47.369468+00:00 DEBUG 'ansible_navigator.main' EDITOR environment variable not set
2023-07-20T23:36:47.369496+00:00 DEBUG 'ansible_navigator.main' Default editor_command set to: vi +{line_number} {filename}
2023-07-20T23:36:47.369522+00:00 DEBUG 'ansible_navigator.main' No config file set by ANSIBLE_NAVIGATOR_CONFIG
2023-07-20T23:36:47.369547+00:00 DEBUG 'ansible_navigator.main' Looking in /home/jcadmus
2023-07-20T23:36:47.369572+00:00 DEBUG 'ansible_navigator.main' Looking for '/home/jcadmus/.ansible-navigator.yml', '/home/jcadmus/.ansible-navigator.yaml' and '/home/jcadmus/.ansible-navigator.json'
2023-07-20T23:36:47.369597+00:00 DEBUG 'ansible_navigator.main' Found 0: 
2023-07-20T23:36:47.369622+00:00 DEBUG 'ansible_navigator.main' Looking in /home/jcadmus/ansible/basic-demo/ansible-files
2023-07-20T23:36:47.369647+00:00 DEBUG 'ansible_navigator.main' Looking for '/home/jcadmus/ansible/basic-demo/ansible-files/ansible-navigator.yml', '/home/jcadmus/ansible/basic-demo/ansible-files/ansible-navigator.yaml' and '/home/jcadmus/ansible/basic-demo/ansible-files/ansible-navigator.json'
2023-07-20T23:36:47.369673+00:00 DEBUG 'ansible_navigator.main' Found 0: 
2023-07-20T23:36:47.369699+00:00 DEBUG 'ansible_navigator.main' All found 0: 
2023-07-20T23:36:47.369723+00:00 DEBUG 'ansible_navigator.main' Using: None
2023-07-20T23:36:47.369748+00:00 DEBUG 'ansible_navigator.main' No valid settings file found, using all default values for settings.
2023-07-20T23:36:47.369773+00:00 DEBUG 'ansible_navigator.main' Command provided: 'apache.yml'
2023-07-20T23:36:47.369810+00:00 WARNING 'ansible_navigator.main' Configuration errors encountered, rolling back to previous configuration.
2023-07-20T23:36:47.369848+00:00 DEBUG 'ansible_navigator.main' Prior to rollback: ansible_runner_artifact_dir = 'Not set' (Constants/Not set)
2023-07-20T23:36:47.369874+00:00 DEBUG 'ansible_navigator.main' Prior to rollback: ansible_runner_rotate_artifacts_count = 'Not set' (Constants/Not set)
2023-07-20T23:36:47.369900+00:00 DEBUG 'ansible_navigator.main' Prior to rollback: ansible_runner_timeout = 'Not set' (Constants/Not set)
2023-07-20T23:36:47.369925+00:00 DEBUG 'ansible_navigator.main' Prior to rollback: ansible_runner_write_job_events = 'False' (bool/Defaults)
2023-07-20T23:36:47.369949+00:00 DEBUG 'ansible_navigator.main' Prior to rollback: app = 'welcome' (str/Defaults)
2023-07-20T23:36:47.369975+00:00 DEBUG 'ansible_navigator.main' Prior to rollback: cmdline = '['apache.yml']' (list/Command line)
2023-07-20T23:36:47.370013+00:00 DEBUG 'ansible_navigator.main' Prior to rollback: collection_doc_cache_path = '/home/jcadmus/.cache/ansible-navigator/collection_doc_cache.db' (str/Defaults)
2023-07-20T23:36:47.370040+00:00 DEBUG 'ansible_navigator.main' Prior to rollback: config = 'Not set' (Constants/Not set)
2023-07-20T23:36:47.370065+00:00 DEBUG 'ansible_navigator.main' Prior to rollback: container_engine = 'auto' (str/Defaults)
2023-07-20T23:36:47.370090+00:00 DEBUG 'ansible_navigator.main' Prior to rollback: container_options = 'Not set' (Constants/Not set)
2023-07-20T23:36:47.370116+00:00 DEBUG 'ansible_navigator.main' Prior to rollback: display_color = 'True' (bool/Defaults)
2023-07-20T23:36:47.370140+00:00 DEBUG 'ansible_navigator.main' Prior to rollback: editor_command = 'vi +{line_number} {filename}' (str/Defaults)
2023-07-20T23:36:47.370166+00:00 DEBUG 'ansible_navigator.main' Prior to rollback: editor_console = 'True' (bool/Defaults)
2023-07-20T23:36:47.370191+00:00 DEBUG 'ansible_navigator.main' Prior to rollback: enable_prompts = 'False' (bool/Defaults)
2023-07-20T23:36:47.370216+00:00 DEBUG 'ansible_navigator.main' Prior to rollback: exec_command = '/bin/bash' (str/Defaults)
2023-07-20T23:36:47.370241+00:00 DEBUG 'ansible_navigator.main' Prior to rollback: exec_shell = 'True' (bool/Defaults)
2023-07-20T23:36:47.370266+00:00 DEBUG 'ansible_navigator.main' Prior to rollback: execution_environment = 'True' (bool/Defaults)
2023-07-20T23:36:47.370291+00:00 DEBUG 'ansible_navigator.main' Prior to rollback: execution_environment_image = 'registry.redhat.io/ansible-automation-platform-24/ee-supported-rhel8:latest' (str/Defaults)
2023-07-20T23:36:47.370316+00:00 DEBUG 'ansible_navigator.main' Prior to rollback: execution_environment_volume_mounts = 'Not set' (Constants/Not set)
2023-07-20T23:36:47.370380+00:00 DEBUG 'ansible_navigator.main' Prior to rollback: format = 'yaml' (str/Defaults)
2023-07-20T23:36:47.370416+00:00 DEBUG 'ansible_navigator.main' Prior to rollback: help_builder = 'False' (bool/Defaults)
2023-07-20T23:36:47.370442+00:00 DEBUG 'ansible_navigator.main' Prior to rollback: help_config = 'False' (bool/Defaults)
2023-07-20T23:36:47.370468+00:00 DEBUG 'ansible_navigator.main' Prior to rollback: help_doc = 'False' (bool/Defaults)
2023-07-20T23:36:47.370493+00:00 DEBUG 'ansible_navigator.main' Prior to rollback: help_inventory = 'False' (bool/Defaults)
2023-07-20T23:36:47.370518+00:00 DEBUG 'ansible_navigator.main' Prior to rollback: help_playbook = 'False' (bool/Defaults)
2023-07-20T23:36:47.370543+00:00 DEBUG 'ansible_navigator.main' Prior to rollback: images_details = '['everything']' (list/Defaults)
2023-07-20T23:36:47.370568+00:00 DEBUG 'ansible_navigator.main' Prior to rollback: inventory = 'Not set' (Constants/Not set)
2023-07-20T23:36:47.370593+00:00 DEBUG 'ansible_navigator.main' Prior to rollback: inventory_column = 'Not set' (Constants/Not set)
2023-07-20T23:36:47.370617+00:00 DEBUG 'ansible_navigator.main' Prior to rollback: lint_config = 'Not set' (Constants/Not set)
2023-07-20T23:36:47.370642+00:00 DEBUG 'ansible_navigator.main' Prior to rollback: lintables = 'Not set' (Constants/Not set)
2023-07-20T23:36:47.370667+00:00 DEBUG 'ansible_navigator.main' Prior to rollback: log_append = 'True' (bool/Defaults)
2023-07-20T23:36:47.370696+00:00 DEBUG 'ansible_navigator.main' Prior to rollback: log_file = '/home/jcadmus/ansible/basic-demo/ansible-files/ansible-navigator.log' (str/Defaults)
2023-07-20T23:36:47.370723+00:00 DEBUG 'ansible_navigator.main' Prior to rollback: log_level = 'warning' (str/Defaults)
2023-07-20T23:36:47.370748+00:00 DEBUG 'ansible_navigator.main' Prior to rollback: mode = 'interactive' (str/Defaults)
2023-07-20T23:36:47.370772+00:00 DEBUG 'ansible_navigator.main' Prior to rollback: osc4 = 'True' (bool/Defaults)
2023-07-20T23:36:47.370798+00:00 DEBUG 'ansible_navigator.main' Prior to rollback: pass_environment_variable = 'Not set' (Constants/Not set)
2023-07-20T23:36:47.370823+00:00 DEBUG 'ansible_navigator.main' Prior to rollback: playbook = 'Not set' (Constants/Not set)
2023-07-20T23:36:47.370848+00:00 DEBUG 'ansible_navigator.main' Prior to rollback: playbook_artifact_enable = 'True' (bool/Defaults)
2023-07-20T23:36:47.370873+00:00 DEBUG 'ansible_navigator.main' Prior to rollback: playbook_artifact_replay = 'Not set' (Constants/Not set)
2023-07-20T23:36:47.370898+00:00 DEBUG 'ansible_navigator.main' Prior to rollback: playbook_artifact_save_as = '{playbook_dir}/{playbook_name}-artifact-{time_stamp}.json' (str/Defaults)
2023-07-20T23:36:47.370923+00:00 DEBUG 'ansible_navigator.main' Prior to rollback: plugin_name = 'Not set' (Constants/Not set)
2023-07-20T23:36:47.370948+00:00 DEBUG 'ansible_navigator.main' Prior to rollback: plugin_type = 'module' (str/Defaults)
2023-07-20T23:36:47.370973+00:00 DEBUG 'ansible_navigator.main' Prior to rollback: pull_arguments = 'Not set' (Constants/Not set)
2023-07-20T23:36:47.370998+00:00 DEBUG 'ansible_navigator.main' Prior to rollback: pull_policy = 'tag' (str/Defaults)
2023-07-20T23:36:47.371023+00:00 DEBUG 'ansible_navigator.main' Prior to rollback: set_environment_variable = 'Not set' (Constants/Not set)
2023-07-20T23:36:47.371047+00:00 DEBUG 'ansible_navigator.main' Prior to rollback: settings_effective = 'False' (bool/Defaults)
2023-07-20T23:36:47.371072+00:00 DEBUG 'ansible_navigator.main' Prior to rollback: settings_sample = 'False' (bool/Defaults)
2023-07-20T23:36:47.371097+00:00 DEBUG 'ansible_navigator.main' Prior to rollback: settings_schema = 'json' (str/Defaults)
2023-07-20T23:36:47.371122+00:00 DEBUG 'ansible_navigator.main' Prior to rollback: settings_sources = 'False' (bool/Defaults)
2023-07-20T23:36:47.371147+00:00 DEBUG 'ansible_navigator.main' Prior to rollback: time_zone = 'UTC' (str/Defaults)
2023-07-20T23:36:47.371172+00:00 DEBUG 'ansible_navigator.main' Prior to rollback: workdir = '/home/jcadmus/ansible/basic-demo/ansible-files' (str/Defaults)
2023-07-20T23:36:47.371197+00:00 DEBUG 'ansible_navigator.main' After rollback: ansible_runner_artifact_dir = 'Not set' (Constants/Not set)
2023-07-20T23:36:47.371222+00:00 DEBUG 'ansible_navigator.main' After rollback: ansible_runner_rotate_artifacts_count = 'Not set' (Constants/Not set)
2023-07-20T23:36:47.371552+00:00 DEBUG 'ansible_navigator.main' After rollback: ansible_runner_timeout = 'Not set' (Constants/Not set)
2023-07-20T23:36:47.371603+00:00 DEBUG 'ansible_navigator.main' After rollback: ansible_runner_write_job_events = 'Not set' (Constants/Not set)
2023-07-20T23:36:47.371631+00:00 DEBUG 'ansible_navigator.main' After rollback: app = 'Not set' (Constants/Not set)
2023-07-20T23:36:47.371657+00:00 DEBUG 'ansible_navigator.main' After rollback: cmdline = 'Not set' (Constants/Not set)
2023-07-20T23:36:47.371769+00:00 DEBUG 'ansible_navigator.main' After rollback: collection_doc_cache_path = 'Not set' (Constants/Not set)
2023-07-20T23:36:47.371958+00:00 DEBUG 'ansible_navigator.main' After rollback: config = 'Not set' (Constants/Not set)
2023-07-20T23:36:47.372044+00:00 DEBUG 'ansible_navigator.main' After rollback: container_engine = 'Not set' (Constants/Not set)
2023-07-20T23:36:47.372073+00:00 DEBUG 'ansible_navigator.main' After rollback: container_options = 'Not set' (Constants/Not set)
2023-07-20T23:36:47.372159+00:00 DEBUG 'ansible_navigator.main' After rollback: display_color = 'Not set' (Constants/Not set)
2023-07-20T23:36:47.372260+00:00 DEBUG 'ansible_navigator.main' After rollback: editor_command = 'Not set' (Constants/Not set)
2023-07-20T23:36:47.372365+00:00 DEBUG 'ansible_navigator.main' After rollback: editor_console = 'Not set' (Constants/Not set)
2023-07-20T23:36:47.372393+00:00 DEBUG 'ansible_navigator.main' After rollback: enable_prompts = 'Not set' (Constants/Not set)
2023-07-20T23:36:47.372418+00:00 DEBUG 'ansible_navigator.main' After rollback: exec_command = 'Not set' (Constants/Not set)
2023-07-20T23:36:47.372443+00:00 DEBUG 'ansible_navigator.main' After rollback: exec_shell = 'Not set' (Constants/Not set)
2023-07-20T23:36:47.372468+00:00 DEBUG 'ansible_navigator.main' After rollback: execution_environment = 'Not set' (Constants/Not set)
2023-07-20T23:36:47.372493+00:00 DEBUG 'ansible_navigator.main' After rollback: execution_environment_image = 'Not set' (Constants/Not set)
2023-07-20T23:36:47.372517+00:00 DEBUG 'ansible_navigator.main' After rollback: execution_environment_volume_mounts = 'Not set' (Constants/Not set)
2023-07-20T23:36:47.372541+00:00 DEBUG 'ansible_navigator.main' After rollback: format = 'Not set' (Constants/Not set)
2023-07-20T23:36:47.372597+00:00 DEBUG 'ansible_navigator.main' After rollback: help_builder = 'Not set' (Constants/Not set)
2023-07-20T23:36:47.372624+00:00 DEBUG 'ansible_navigator.main' After rollback: help_config = 'Not set' (Constants/Not set)
2023-07-20T23:36:47.372663+00:00 DEBUG 'ansible_navigator.main' After rollback: help_doc = 'Not set' (Constants/Not set)
2023-07-20T23:36:47.372688+00:00 DEBUG 'ansible_navigator.main' After rollback: help_inventory = 'Not set' (Constants/Not set)
2023-07-20T23:36:47.372712+00:00 DEBUG 'ansible_navigator.main' After rollback: help_playbook = 'Not set' (Constants/Not set)
2023-07-20T23:36:47.372736+00:00 DEBUG 'ansible_navigator.main' After rollback: images_details = 'Not set' (Constants/Not set)
2023-07-20T23:36:47.372761+00:00 DEBUG 'ansible_navigator.main' After rollback: inventory = 'Not set' (Constants/Not set)
2023-07-20T23:36:47.372785+00:00 DEBUG 'ansible_navigator.main' After rollback: inventory_column = 'Not set' (Constants/Not set)
2023-07-20T23:36:47.372809+00:00 DEBUG 'ansible_navigator.main' After rollback: lint_config = 'Not set' (Constants/Not set)
2023-07-20T23:36:47.372833+00:00 DEBUG 'ansible_navigator.main' After rollback: lintables = 'Not set' (Constants/Not set)
2023-07-20T23:36:47.372858+00:00 DEBUG 'ansible_navigator.main' After rollback: log_append = 'Not set' (Constants/Not set)
2023-07-20T23:36:47.372882+00:00 DEBUG 'ansible_navigator.main' After rollback: log_file = 'Not set' (Constants/Not set)
2023-07-20T23:36:47.372907+00:00 DEBUG 'ansible_navigator.main' After rollback: log_level = 'Not set' (Constants/Not set)
2023-07-20T23:36:47.372931+00:00 DEBUG 'ansible_navigator.main' After rollback: mode = 'Not set' (Constants/Not set)
2023-07-20T23:36:47.372955+00:00 DEBUG 'ansible_navigator.main' After rollback: osc4 = 'Not set' (Constants/Not set)
2023-07-20T23:36:47.372979+00:00 DEBUG 'ansible_navigator.main' After rollback: pass_environment_variable = 'Not set' (Constants/Not set)
2023-07-20T23:36:47.373004+00:00 DEBUG 'ansible_navigator.main' After rollback: playbook = 'Not set' (Constants/Not set)
2023-07-20T23:36:47.373028+00:00 DEBUG 'ansible_navigator.main' After rollback: playbook_artifact_enable = 'Not set' (Constants/Not set)
2023-07-20T23:36:47.373052+00:00 DEBUG 'ansible_navigator.main' After rollback: playbook_artifact_replay = 'Not set' (Constants/Not set)
2023-07-20T23:36:47.373077+00:00 DEBUG 'ansible_navigator.main' After rollback: playbook_artifact_save_as = 'Not set' (Constants/Not set)
2023-07-20T23:36:47.373101+00:00 DEBUG 'ansible_navigator.main' After rollback: plugin_name = 'Not set' (Constants/Not set)
2023-07-20T23:36:47.373125+00:00 DEBUG 'ansible_navigator.main' After rollback: plugin_type = 'Not set' (Constants/Not set)
2023-07-20T23:36:47.373150+00:00 DEBUG 'ansible_navigator.main' After rollback: pull_arguments = 'Not set' (Constants/Not set)
2023-07-20T23:36:47.373178+00:00 DEBUG 'ansible_navigator.main' After rollback: pull_policy = 'Not set' (Constants/Not set)
2023-07-20T23:36:47.373204+00:00 DEBUG 'ansible_navigator.main' After rollback: set_environment_variable = 'Not set' (Constants/Not set)
2023-07-20T23:36:47.373228+00:00 DEBUG 'ansible_navigator.main' After rollback: settings_effective = 'Not set' (Constants/Not set)
2023-07-20T23:36:47.373253+00:00 DEBUG 'ansible_navigator.main' After rollback: settings_sample = 'Not set' (Constants/Not set)
2023-07-20T23:36:47.373277+00:00 DEBUG 'ansible_navigator.main' After rollback: settings_schema = 'Not set' (Constants/Not set)
2023-07-20T23:36:47.373301+00:00 DEBUG 'ansible_navigator.main' After rollback: settings_sources = 'Not set' (Constants/Not set)
2023-07-20T23:36:47.373371+00:00 DEBUG 'ansible_navigator.main' After rollback: time_zone = 'Not set' (Constants/Not set)
2023-07-20T23:36:47.373398+00:00 DEBUG 'ansible_navigator.main' After rollback: workdir = 'Not set' (Constants/Not set)
2023-07-20T23:36:47.373424+00:00 DEBUG 'ansible_navigator.main' Configuration rollback complete.
2023-07-20T23:36:47.373448+00:00 DEBUG 'ansible_navigator.main' Collection doc cache not mounted
2023-07-20T23:36:47.373482+00:00 WARNING 'ansible_navigator.main' Issues were found while applying the settings.
2023-07-20T23:36:47.373510+00:00 INFO 'ansible_navigator.main' Command provided: 'apache.yml'
2023-07-20T23:36:47.373541+00:00 ERROR 'ansible_navigator.main' argument {subcommand} --help: invalid choice: 'apache.yml' (choose from 'builder', 'collections', 'config', 'doc', 'exec', 'images', 'inventory', 'lint', 'replay', 'run', 'settings', 'welcome')
2023-07-20T23:36:47.373570+00:00 INFO 'ansible_navigator.main' Configuration failed, using default log file location. (/home/jcadmus/ansible/basic-demo/ansible-files/ansible-navigator.log) Log level set to debug
2023-07-20T23:36:47.373598+00:00 INFO 'ansible_navigator.main' Review the hints and log file to see what went wrong.
2023-07-20T23:37:21.055251+00:00 CRITICAL 'ansible_navigator.actions.run_5271._handle_message' Unhandled message from runner queue, discarded: {'event': 'verbose', 'uuid': 'dea8ef87-b264-48ef-91c7-5e781ee0e640', 'counter': 1, 'stdout': '\x1b[1;35m[WARNING]: provided hosts list is empty, only localhost is available. Note that\x1b[0m', 'start_line': 0, 'end_line': 1, 'runner_ident': '0c684a0c-96aa-424b-b0cd-590b5b4e001b', 'created': '2023-07-20T23:37:21.054879'}
2023-07-20T23:37:21.056924+00:00 CRITICAL 'ansible_navigator.actions.run_5271._handle_message' Unhandled message from runner queue, discarded: {'event': 'verbose', 'uuid': '21280266-889e-4169-9b99-7266194fe22c', 'counter': 2, 'stdout': "\x1b[1;35mthe implicit localhost does not match 'all'\x1b[0m", 'start_line': 1, 'end_line': 2, 'runner_ident': '0c684a0c-96aa-424b-b0cd-590b5b4e001b', 'created': '2023-07-20T23:37:21.055077'}
