2023-07-20T23:13:15.870924+00:00 INFO 'ansible_navigator.setup_logger' New ansible-navigator instance, logging initialized
2023-07-20T23:13:15.871142+00:00 INFO 'ansible_navigator.setup_logger' New ansible-runner instance, logging initialized
2023-07-20T23:13:15.871182+00:00 DEBUG 'ansible_navigator.main' Jinja2==3.1.2 
2023-07-20T23:13:15.871212+00:00 DEBUG 'ansible_navigator.main' MarkupSafe==2.1.0 
2023-07-20T23:13:15.871239+00:00 DEBUG 'ansible_navigator.main' PyYAML==5.4.1 
2023-07-20T23:13:15.871266+00:00 DEBUG 'ansible_navigator.main' ansible-builder==3.0.0 
2023-07-20T23:13:15.871292+00:00 DEBUG 'ansible_navigator.main' ansible-core==2.15.0 
2023-07-20T23:13:15.871317+00:00 DEBUG 'ansible_navigator.main' ansible-navigator==3.3.1 
2023-07-20T23:13:15.871394+00:00 DEBUG 'ansible_navigator.main' ansible-runner==2.3.2 
2023-07-20T23:13:15.871423+00:00 DEBUG 'ansible_navigator.main' attrs==21.4.0 /usr/lib/python3.9/site-packages/attrs/__init__.py
2023-07-20T23:13:15.871450+00:00 DEBUG 'ansible_navigator.main' bindep==2.10.2 /usr/lib/python3.9/site-packages/bindep/__init__.py
2023-07-20T23:13:15.871476+00:00 DEBUG 'ansible_navigator.main' certifi==2022.12.7 /usr/lib/python3.9/site-packages/certifi/__init__.py
2023-07-20T23:13:15.871502+00:00 DEBUG 'ansible_navigator.main' cffi==1.15.0 /usr/lib64/python3.9/site-packages/cffi/__init__.py
2023-07-20T23:13:15.871528+00:00 DEBUG 'ansible_navigator.main' charset-normalizer==2.0.11 
2023-07-20T23:13:15.871554+00:00 DEBUG 'ansible_navigator.main' click==8.1.3 /usr/lib/python3.9/site-packages/click/__init__.py
2023-07-20T23:13:15.871580+00:00 DEBUG 'ansible_navigator.main' cryptography==38.0.4 /usr/lib64/python3.9/site-packages/cryptography/__init__.py
2023-07-20T23:13:15.871605+00:00 DEBUG 'ansible_navigator.main' dasbus==1.4 /usr/lib/python3.9/site-packages/dasbus/__init__.py
2023-07-20T23:13:15.871631+00:00 DEBUG 'ansible_navigator.main' dbus-python==1.2.18 
2023-07-20T23:13:15.871657+00:00 DEBUG 'ansible_navigator.main' decorator==4.4.2 /usr/lib/python3.9/site-packages/decorator.py
2023-07-20T23:13:15.871683+00:00 DEBUG 'ansible_navigator.main' distro==1.6.0 /usr/lib/python3.9/site-packages/distro.py
2023-07-20T23:13:15.871708+00:00 DEBUG 'ansible_navigator.main' docutils==0.16 /usr/lib/python3.9/site-packages/docutils/__init__.py
2023-07-20T23:13:15.871734+00:00 DEBUG 'ansible_navigator.main' ethtool==0.15 /usr/lib64/python3.9/site-packages/ethtool.cpython-39-x86_64-linux-gnu.so
2023-07-20T23:13:15.871760+00:00 DEBUG 'ansible_navigator.main' file-magic==0.4.0 
2023-07-20T23:13:15.871785+00:00 DEBUG 'ansible_navigator.main' idna==3.3 /usr/lib/python3.9/site-packages/idna/__init__.py
2023-07-20T23:13:15.871811+00:00 DEBUG 'ansible_navigator.main' importlib-metadata==4.10.1 
2023-07-20T23:13:15.871837+00:00 DEBUG 'ansible_navigator.main' importlib-resources==5.0.7 
2023-07-20T23:13:15.871862+00:00 DEBUG 'ansible_navigator.main' iniparse==0.4 /usr/lib/python3.9/site-packages/iniparse/__init__.py
2023-07-20T23:13:15.871888+00:00 DEBUG 'ansible_navigator.main' jsonschema==4.16.0 /usr/lib/python3.9/site-packages/jsonschema/__init__.py
2023-07-20T23:13:15.871914+00:00 DEBUG 'ansible_navigator.main' lockfile==0.12.2 /usr/lib/python3.9/site-packages/lockfile/__init__.py
2023-07-20T23:13:15.871940+00:00 DEBUG 'ansible_navigator.main' lxml==4.6.5 /usr/lib64/python3.9/site-packages/lxml/__init__.py
2023-07-20T23:13:15.871965+00:00 DEBUG 'ansible_navigator.main' onigurumacffi==1.1.0 /usr/lib64/python3.9/site-packages/onigurumacffi.py
2023-07-20T23:13:15.871991+00:00 DEBUG 'ansible_navigator.main' packaging==21.3 /usr/lib/python3.9/site-packages/packaging/__init__.py
2023-07-20T23:13:15.872016+00:00 DEBUG 'ansible_navigator.main' pbr==5.8.1 /usr/lib/python3.9/site-packages/pbr/__init__.py
2023-07-20T23:13:15.872042+00:00 DEBUG 'ansible_navigator.main' psutil==5.8.0 /usr/lib64/python3.9/site-packages/psutil/__init__.py
2023-07-20T23:13:15.872068+00:00 DEBUG 'ansible_navigator.main' psycopg2==2.9.3 /usr/lib64/python3.9/site-packages/psycopg2/__init__.py
2023-07-20T23:13:15.872094+00:00 DEBUG 'ansible_navigator.main' pycparser==2.21 /usr/lib/python3.9/site-packages/pycparser/__init__.py
2023-07-20T23:13:15.872125+00:00 DEBUG 'ansible_navigator.main' pyinotify==0.9.6 /usr/lib/python3.9/site-packages/pyinotify.py
2023-07-20T23:13:15.872152+00:00 DEBUG 'ansible_navigator.main' pyrsistent==0.17.3 /usr/lib64/python3.9/site-packages/pyrsistent/__init__.py
2023-07-20T23:13:15.872178+00:00 DEBUG 'ansible_navigator.main' python-daemon==2.3.0 
2023-07-20T23:13:15.872204+00:00 DEBUG 'ansible_navigator.main' python-dateutil==2.8.1 
2023-07-20T23:13:15.872229+00:00 DEBUG 'ansible_navigator.main' python-linux-procfs==0.7.0 
2023-07-20T23:13:15.872255+00:00 DEBUG 'ansible_navigator.main' pyudev==0.22.0 /usr/lib/python3.9/site-packages/pyudev/__init__.py
2023-07-20T23:13:15.872280+00:00 DEBUG 'ansible_navigator.main' receptorctl==1.4.1 /usr/lib/python3.9/site-packages/receptorctl/__init__.py
2023-07-20T23:13:15.872306+00:00 DEBUG 'ansible_navigator.main' requests==2.28.2 /usr/lib/python3.9/site-packages/requests/__init__.py
2023-07-20T23:13:15.872367+00:00 DEBUG 'ansible_navigator.main' requirements-parser==0.2.0 
2023-07-20T23:13:15.872404+00:00 DEBUG 'ansible_navigator.main' resolvelib==0.5.4 /usr/lib/python3.9/site-packages/resolvelib/__init__.py
2023-07-20T23:13:15.872431+00:00 DEBUG 'ansible_navigator.main' setools==4.4.0 /usr/lib64/python3.9/site-packages/setools/__init__.py
2023-07-20T23:13:15.872457+00:00 DEBUG 'ansible_navigator.main' setuptools==53.0.0 /usr/lib/python3.9/site-packages/setuptools/__init__.py
2023-07-20T23:13:15.872483+00:00 DEBUG 'ansible_navigator.main' six==1.16.0 /usr/lib/python3.9/site-packages/six.py
2023-07-20T23:13:15.872509+00:00 DEBUG 'ansible_navigator.main' subscription-manager==1.29.26.1 
2023-07-20T23:13:15.872535+00:00 DEBUG 'ansible_navigator.main' supervisor==4.2.4 /usr/lib/python3.9/site-packages/supervisor/__init__.py
2023-07-20T23:13:15.872561+00:00 DEBUG 'ansible_navigator.main' typing-extensions==3.10.0.2 
2023-07-20T23:13:15.872586+00:00 DEBUG 'ansible_navigator.main' urllib3==1.26.8 /usr/lib/python3.9/site-packages/urllib3/__init__.py
2023-07-20T23:13:15.872612+00:00 DEBUG 'ansible_navigator.main' zipp==3.4.0 /usr/lib/python3.9/site-packages/zipp.py
2023-07-20T23:13:15.872638+00:00 DEBUG 'ansible_navigator.main' Default collection_doc_cache_path set to: /home/jcadmus/.cache/ansible-navigator/collection_doc_cache.db
2023-07-20T23:13:15.872664+00:00 DEBUG 'ansible_navigator.main' EDITOR environment variable not set
2023-07-20T23:13:15.872690+00:00 DEBUG 'ansible_navigator.main' Default editor_command set to: vi +{line_number} {filename}
2023-07-20T23:13:15.872715+00:00 DEBUG 'ansible_navigator.main' No config file set by ANSIBLE_NAVIGATOR_CONFIG
2023-07-20T23:13:15.872741+00:00 DEBUG 'ansible_navigator.main' Looking in /home/jcadmus
2023-07-20T23:13:15.872767+00:00 DEBUG 'ansible_navigator.main' Looking for '/home/jcadmus/.ansible-navigator.yml', '/home/jcadmus/.ansible-navigator.yaml' and '/home/jcadmus/.ansible-navigator.json'
2023-07-20T23:13:15.872793+00:00 DEBUG 'ansible_navigator.main' Found 0: 
2023-07-20T23:13:15.872819+00:00 DEBUG 'ansible_navigator.main' Looking in /home/jcadmus/ansible/basic-demo/inventory
2023-07-20T23:13:15.872844+00:00 DEBUG 'ansible_navigator.main' Looking for '/home/jcadmus/ansible/basic-demo/inventory/ansible-navigator.yml', '/home/jcadmus/ansible/basic-demo/inventory/ansible-navigator.yaml' and '/home/jcadmus/ansible/basic-demo/inventory/ansible-navigator.json'
2023-07-20T23:13:15.872871+00:00 DEBUG 'ansible_navigator.main' Found 0: 
2023-07-20T23:13:15.872896+00:00 DEBUG 'ansible_navigator.main' All found 0: 
2023-07-20T23:13:15.872922+00:00 DEBUG 'ansible_navigator.main' Using: None
2023-07-20T23:13:15.872948+00:00 DEBUG 'ansible_navigator.main' No valid settings file found, using all default values for settings.
2023-07-20T23:13:15.872973+00:00 DEBUG 'ansible_navigator.main' Command provided: 'inventory --list'
2023-07-20T23:13:15.872999+00:00 DEBUG 'ansible_navigator.main' EE support enabled: using current working directory for 'ansible.cfg'
2023-07-20T23:13:15.873029+00:00 INFO 'ansible_navigator.main' EE support enabled: no 'ansible.cfg' found in current working directory. Tried /home/jcadmus/ansible/basic-demo/inventory/ansible.cfg
2023-07-20T23:13:15.873056+00:00 DEBUG 'ansible_navigator.main' Completed post processing for ansible_runner_artifact_dir. (changed=False)
2023-07-20T23:13:15.873082+00:00 DEBUG 'ansible_navigator.main' Completed post processing for ansible_runner_rotate_artifacts_count. (changed=False)
2023-07-20T23:13:15.873108+00:00 DEBUG 'ansible_navigator.main' Completed post processing for ansible_runner_timeout. (changed=False)
2023-07-20T23:13:15.873133+00:00 DEBUG 'ansible_navigator.main' Completed post processing for cmdline. (changed=False)
2023-07-20T23:13:15.873159+00:00 DEBUG 'ansible_navigator.main' Completed post processing for collection_doc_cache_path. (changed=False)
2023-07-20T23:13:15.873184+00:00 DEBUG 'ansible_navigator.main' Completed post processing for container_engine. (changed=True)
2023-07-20T23:13:15.873210+00:00 DEBUG 'ansible_navigator.main'  before: 'auto'
2023-07-20T23:13:15.873235+00:00 DEBUG 'ansible_navigator.main'  after: 'podman'
2023-07-20T23:13:15.873261+00:00 DEBUG 'ansible_navigator.main' Completed post processing for container_options. (changed=False)
2023-07-20T23:13:15.873287+00:00 DEBUG 'ansible_navigator.main' Completed post processing for display_color. (changed=False)
2023-07-20T23:13:15.873312+00:00 DEBUG 'ansible_navigator.main' Completed post processing for enable_prompts. (changed=False)
2023-07-20T23:13:15.873376+00:00 DEBUG 'ansible_navigator.main' Completed post processing for execution_environment. (changed=False)
2023-07-20T23:13:15.873407+00:00 DEBUG 'ansible_navigator.main' Completed post processing for execution_environment_image. (changed=False)
2023-07-20T23:13:15.873433+00:00 DEBUG 'ansible_navigator.main' Completed post processing for help_builder. (changed=False)
2023-07-20T23:13:15.873459+00:00 DEBUG 'ansible_navigator.main' Completed post processing for help_config. (changed=False)
2023-07-20T23:13:15.873485+00:00 DEBUG 'ansible_navigator.main' Completed post processing for help_doc. (changed=False)
2023-07-20T23:13:15.873510+00:00 DEBUG 'ansible_navigator.main' Completed post processing for help_inventory. (changed=False)
2023-07-20T23:13:15.873536+00:00 DEBUG 'ansible_navigator.main' Completed post processing for help_playbook. (changed=False)
2023-07-20T23:13:15.873562+00:00 DEBUG 'ansible_navigator.main' Completed post processing for images_details. (changed=False)
2023-07-20T23:13:15.873587+00:00 DEBUG 'ansible_navigator.main' Completed post processing for inventory. (changed=False)
2023-07-20T23:13:15.873613+00:00 DEBUG 'ansible_navigator.main' Completed post processing for inventory_column. (changed=False)
2023-07-20T23:13:15.873638+00:00 DEBUG 'ansible_navigator.main' Completed post processing for log_file. (changed=False)
2023-07-20T23:13:15.873665+00:00 DEBUG 'ansible_navigator.main' Completed post processing for pass_environment_variable. (changed=False)
2023-07-20T23:13:15.873691+00:00 DEBUG 'ansible_navigator.main' Completed post processing for playbook. (changed=False)
2023-07-20T23:13:15.873716+00:00 DEBUG 'ansible_navigator.main' Completed post processing for playbook_artifact_replay. (changed=False)
2023-07-20T23:13:15.873742+00:00 DEBUG 'ansible_navigator.main' Completed post processing for playbook_artifact_save_as. (changed=False)
2023-07-20T23:13:15.873767+00:00 DEBUG 'ansible_navigator.main' Completed post processing for plugin_name. (changed=False)
2023-07-20T23:13:15.873793+00:00 DEBUG 'ansible_navigator.main' Completed post processing for pull_arguments. (changed=False)
2023-07-20T23:13:15.873819+00:00 DEBUG 'ansible_navigator.main' Completed post processing for set_environment_variable. (changed=False)
2023-07-20T23:13:15.873844+00:00 DEBUG 'ansible_navigator.main' Completed post processing for settings_effective. (changed=False)
2023-07-20T23:13:15.873870+00:00 DEBUG 'ansible_navigator.main' Completed post processing for settings_sample. (changed=False)
2023-07-20T23:13:15.873899+00:00 DEBUG 'ansible_navigator.main' Completed post processing for settings_schema. (changed=False)
2023-07-20T23:13:15.873926+00:00 DEBUG 'ansible_navigator.main' Completed post processing for settings_sources. (changed=False)
2023-07-20T23:13:15.873952+00:00 DEBUG 'ansible_navigator.main' Completed post processing for time_zone. (changed=False)
2023-07-20T23:13:15.873978+00:00 DEBUG 'ansible_navigator.main' Completed post processing for execution_environment_volume_mounts. (changed=False)
2023-07-20T23:13:15.874003+00:00 DEBUG 'ansible_navigator.main' Completed post processing for mode. (changed=False)
2023-07-20T23:13:15.874028+00:00 DEBUG 'ansible_navigator.main' Completed post processing for playbook_artifact_enable. (changed=False)
2023-07-20T23:13:15.874057+00:00 WARNING 'ansible_navigator.main' Configuration errors encountered, rolling back to previous configuration.
2023-07-20T23:13:15.874083+00:00 DEBUG 'ansible_navigator.main' Prior to rollback: ansible_runner_artifact_dir = 'Not set' (Constants/Not set)
2023-07-20T23:13:15.874108+00:00 DEBUG 'ansible_navigator.main' Prior to rollback: ansible_runner_rotate_artifacts_count = 'Not set' (Constants/Not set)
2023-07-20T23:13:15.874134+00:00 DEBUG 'ansible_navigator.main' Prior to rollback: ansible_runner_timeout = 'Not set' (Constants/Not set)
2023-07-20T23:13:15.874160+00:00 DEBUG 'ansible_navigator.main' Prior to rollback: ansible_runner_write_job_events = 'False' (bool/Defaults)
2023-07-20T23:13:15.874186+00:00 DEBUG 'ansible_navigator.main' Prior to rollback: app = 'inventory' (str/Command line)
2023-07-20T23:13:15.874211+00:00 DEBUG 'ansible_navigator.main' Prior to rollback: cmdline = '['--list']' (list/Command line)
2023-07-20T23:13:15.874237+00:00 DEBUG 'ansible_navigator.main' Prior to rollback: collection_doc_cache_path = '/home/jcadmus/.cache/ansible-navigator/collection_doc_cache.db' (str/Defaults)
2023-07-20T23:13:15.874263+00:00 DEBUG 'ansible_navigator.main' Prior to rollback: config = 'Not set' (Constants/Not set)
2023-07-20T23:13:15.874288+00:00 DEBUG 'ansible_navigator.main' Prior to rollback: container_engine = 'podman' (str/Automatically determined)
2023-07-20T23:13:15.874354+00:00 DEBUG 'ansible_navigator.main' Prior to rollback: container_options = 'Not set' (Constants/Not set)
2023-07-20T23:13:15.874385+00:00 DEBUG 'ansible_navigator.main' Prior to rollback: display_color = 'True' (bool/Defaults)
2023-07-20T23:13:15.874411+00:00 DEBUG 'ansible_navigator.main' Prior to rollback: editor_command = 'vi +{line_number} {filename}' (str/Defaults)
2023-07-20T23:13:15.874437+00:00 DEBUG 'ansible_navigator.main' Prior to rollback: editor_console = 'True' (bool/Defaults)
2023-07-20T23:13:15.874462+00:00 DEBUG 'ansible_navigator.main' Prior to rollback: enable_prompts = 'False' (bool/Defaults)
2023-07-20T23:13:15.874488+00:00 DEBUG 'ansible_navigator.main' Prior to rollback: exec_command = '/bin/bash' (str/Defaults)
2023-07-20T23:13:15.874514+00:00 DEBUG 'ansible_navigator.main' Prior to rollback: exec_shell = 'True' (bool/Defaults)
2023-07-20T23:13:15.874539+00:00 DEBUG 'ansible_navigator.main' Prior to rollback: execution_environment = 'True' (bool/Defaults)
2023-07-20T23:13:15.874565+00:00 DEBUG 'ansible_navigator.main' Prior to rollback: execution_environment_image = 'registry.redhat.io/ansible-automation-platform-24/ee-supported-rhel8:latest' (str/Defaults)
2023-07-20T23:13:15.874591+00:00 DEBUG 'ansible_navigator.main' Prior to rollback: execution_environment_volume_mounts = 'Not set' (Constants/Not set)
2023-07-20T23:13:15.874617+00:00 DEBUG 'ansible_navigator.main' Prior to rollback: format = 'yaml' (str/Defaults)
2023-07-20T23:13:15.874642+00:00 DEBUG 'ansible_navigator.main' Prior to rollback: help_builder = 'False' (bool/Defaults)
2023-07-20T23:13:15.874668+00:00 DEBUG 'ansible_navigator.main' Prior to rollback: help_config = 'False' (bool/Defaults)
2023-07-20T23:13:15.874694+00:00 DEBUG 'ansible_navigator.main' Prior to rollback: help_doc = 'False' (bool/Defaults)
2023-07-20T23:13:15.874719+00:00 DEBUG 'ansible_navigator.main' Prior to rollback: help_inventory = 'False' (bool/Defaults)
2023-07-20T23:13:15.874749+00:00 DEBUG 'ansible_navigator.main' Prior to rollback: help_playbook = 'False' (bool/Defaults)
2023-07-20T23:13:15.874776+00:00 DEBUG 'ansible_navigator.main' Prior to rollback: images_details = '['everything']' (list/Defaults)
2023-07-20T23:13:15.874801+00:00 DEBUG 'ansible_navigator.main' Prior to rollback: inventory = 'Not set' (Constants/Not set)
2023-07-20T23:13:15.874827+00:00 DEBUG 'ansible_navigator.main' Prior to rollback: inventory_column = 'Not set' (Constants/Not set)
2023-07-20T23:13:15.874852+00:00 DEBUG 'ansible_navigator.main' Prior to rollback: lint_config = 'Not set' (Constants/Not set)
2023-07-20T23:13:15.874878+00:00 DEBUG 'ansible_navigator.main' Prior to rollback: lintables = 'Not set' (Constants/Not set)
2023-07-20T23:13:15.874904+00:00 DEBUG 'ansible_navigator.main' Prior to rollback: log_append = 'True' (bool/Defaults)
2023-07-20T23:13:15.874930+00:00 DEBUG 'ansible_navigator.main' Prior to rollback: log_file = '/home/jcadmus/ansible/basic-demo/inventory/ansible-navigator.log' (str/Defaults)
2023-07-20T23:13:15.874955+00:00 DEBUG 'ansible_navigator.main' Prior to rollback: log_level = 'warning' (str/Defaults)
2023-07-20T23:13:15.874981+00:00 DEBUG 'ansible_navigator.main' Prior to rollback: mode = 'interactive' (str/Defaults)
2023-07-20T23:13:15.875006+00:00 DEBUG 'ansible_navigator.main' Prior to rollback: osc4 = 'True' (bool/Defaults)
2023-07-20T23:13:15.875032+00:00 DEBUG 'ansible_navigator.main' Prior to rollback: pass_environment_variable = 'Not set' (Constants/Not set)
2023-07-20T23:13:15.875058+00:00 DEBUG 'ansible_navigator.main' Prior to rollback: playbook = 'Not set' (Constants/Not set)
2023-07-20T23:13:15.875084+00:00 DEBUG 'ansible_navigator.main' Prior to rollback: playbook_artifact_enable = 'True' (bool/Defaults)
2023-07-20T23:13:15.875109+00:00 DEBUG 'ansible_navigator.main' Prior to rollback: playbook_artifact_replay = 'Not set' (Constants/Not set)
2023-07-20T23:13:15.875135+00:00 DEBUG 'ansible_navigator.main' Prior to rollback: playbook_artifact_save_as = '{playbook_dir}/{playbook_name}-artifact-{time_stamp}.json' (str/Defaults)
2023-07-20T23:13:15.875161+00:00 DEBUG 'ansible_navigator.main' Prior to rollback: plugin_name = 'Not set' (Constants/Not set)
2023-07-20T23:13:15.875186+00:00 DEBUG 'ansible_navigator.main' Prior to rollback: plugin_type = 'module' (str/Defaults)
2023-07-20T23:13:15.875212+00:00 DEBUG 'ansible_navigator.main' Prior to rollback: pull_arguments = 'Not set' (Constants/Not set)
2023-07-20T23:13:15.875237+00:00 DEBUG 'ansible_navigator.main' Prior to rollback: pull_policy = 'tag' (str/Defaults)
2023-07-20T23:13:15.875263+00:00 DEBUG 'ansible_navigator.main' Prior to rollback: set_environment_variable = 'Not set' (Constants/Not set)
2023-07-20T23:13:15.875288+00:00 DEBUG 'ansible_navigator.main' Prior to rollback: settings_effective = 'False' (bool/Defaults)
2023-07-20T23:13:15.875314+00:00 DEBUG 'ansible_navigator.main' Prior to rollback: settings_sample = 'False' (bool/Defaults)
2023-07-20T23:13:15.875371+00:00 DEBUG 'ansible_navigator.main' Prior to rollback: settings_schema = 'json' (str/Defaults)
2023-07-20T23:13:15.875405+00:00 DEBUG 'ansible_navigator.main' Prior to rollback: settings_sources = 'False' (bool/Defaults)
2023-07-20T23:13:15.875432+00:00 DEBUG 'ansible_navigator.main' Prior to rollback: time_zone = 'UTC' (str/Defaults)
2023-07-20T23:13:15.875458+00:00 DEBUG 'ansible_navigator.main' Prior to rollback: workdir = '/home/jcadmus/ansible/basic-demo/inventory' (str/Defaults)
2023-07-20T23:13:15.875484+00:00 DEBUG 'ansible_navigator.main' After rollback: ansible_runner_artifact_dir = 'Not set' (Constants/Not set)
2023-07-20T23:13:15.875509+00:00 DEBUG 'ansible_navigator.main' After rollback: ansible_runner_rotate_artifacts_count = 'Not set' (Constants/Not set)
2023-07-20T23:13:15.875535+00:00 DEBUG 'ansible_navigator.main' After rollback: ansible_runner_timeout = 'Not set' (Constants/Not set)
2023-07-20T23:13:15.875561+00:00 DEBUG 'ansible_navigator.main' After rollback: ansible_runner_write_job_events = 'Not set' (Constants/Not set)
2023-07-20T23:13:15.875592+00:00 DEBUG 'ansible_navigator.main' After rollback: app = 'Not set' (Constants/Not set)
2023-07-20T23:13:15.875618+00:00 DEBUG 'ansible_navigator.main' After rollback: cmdline = 'Not set' (Constants/Not set)
2023-07-20T23:13:15.875644+00:00 DEBUG 'ansible_navigator.main' After rollback: collection_doc_cache_path = 'Not set' (Constants/Not set)
2023-07-20T23:13:15.875670+00:00 DEBUG 'ansible_navigator.main' After rollback: config = 'Not set' (Constants/Not set)
2023-07-20T23:13:15.875696+00:00 DEBUG 'ansible_navigator.main' After rollback: container_engine = 'Not set' (Constants/Not set)
2023-07-20T23:13:15.875722+00:00 DEBUG 'ansible_navigator.main' After rollback: container_options = 'Not set' (Constants/Not set)
2023-07-20T23:13:15.875748+00:00 DEBUG 'ansible_navigator.main' After rollback: display_color = 'Not set' (Constants/Not set)
2023-07-20T23:13:15.875773+00:00 DEBUG 'ansible_navigator.main' After rollback: editor_command = 'Not set' (Constants/Not set)
2023-07-20T23:13:15.875799+00:00 DEBUG 'ansible_navigator.main' After rollback: editor_console = 'Not set' (Constants/Not set)
2023-07-20T23:13:15.875825+00:00 DEBUG 'ansible_navigator.main' After rollback: enable_prompts = 'Not set' (Constants/Not set)
2023-07-20T23:13:15.875850+00:00 DEBUG 'ansible_navigator.main' After rollback: exec_command = 'Not set' (Constants/Not set)
2023-07-20T23:13:15.875876+00:00 DEBUG 'ansible_navigator.main' After rollback: exec_shell = 'Not set' (Constants/Not set)
2023-07-20T23:13:15.875902+00:00 DEBUG 'ansible_navigator.main' After rollback: execution_environment = 'Not set' (Constants/Not set)
2023-07-20T23:13:15.875928+00:00 DEBUG 'ansible_navigator.main' After rollback: execution_environment_image = 'Not set' (Constants/Not set)
2023-07-20T23:13:15.875954+00:00 DEBUG 'ansible_navigator.main' After rollback: execution_environment_volume_mounts = 'Not set' (Constants/Not set)
2023-07-20T23:13:15.875980+00:00 DEBUG 'ansible_navigator.main' After rollback: format = 'Not set' (Constants/Not set)
2023-07-20T23:13:15.876005+00:00 DEBUG 'ansible_navigator.main' After rollback: help_builder = 'Not set' (Constants/Not set)
2023-07-20T23:13:15.876031+00:00 DEBUG 'ansible_navigator.main' After rollback: help_config = 'Not set' (Constants/Not set)
2023-07-20T23:13:15.876057+00:00 DEBUG 'ansible_navigator.main' After rollback: help_doc = 'Not set' (Constants/Not set)
2023-07-20T23:13:15.876082+00:00 DEBUG 'ansible_navigator.main' After rollback: help_inventory = 'Not set' (Constants/Not set)
2023-07-20T23:13:15.876108+00:00 DEBUG 'ansible_navigator.main' After rollback: help_playbook = 'Not set' (Constants/Not set)
2023-07-20T23:13:15.876133+00:00 DEBUG 'ansible_navigator.main' After rollback: images_details = 'Not set' (Constants/Not set)
2023-07-20T23:13:15.876159+00:00 DEBUG 'ansible_navigator.main' After rollback: inventory = 'Not set' (Constants/Not set)
2023-07-20T23:13:15.876184+00:00 DEBUG 'ansible_navigator.main' After rollback: inventory_column = 'Not set' (Constants/Not set)
2023-07-20T23:13:15.876210+00:00 DEBUG 'ansible_navigator.main' After rollback: lint_config = 'Not set' (Constants/Not set)
2023-07-20T23:13:15.876235+00:00 DEBUG 'ansible_navigator.main' After rollback: lintables = 'Not set' (Constants/Not set)
2023-07-20T23:13:15.876261+00:00 DEBUG 'ansible_navigator.main' After rollback: log_append = 'Not set' (Constants/Not set)
2023-07-20T23:13:15.876287+00:00 DEBUG 'ansible_navigator.main' After rollback: log_file = 'Not set' (Constants/Not set)
2023-07-20T23:13:15.876312+00:00 DEBUG 'ansible_navigator.main' After rollback: log_level = 'Not set' (Constants/Not set)
2023-07-20T23:13:15.876382+00:00 DEBUG 'ansible_navigator.main' After rollback: mode = 'Not set' (Constants/Not set)
2023-07-20T23:13:15.876410+00:00 DEBUG 'ansible_navigator.main' After rollback: osc4 = 'Not set' (Constants/Not set)
2023-07-20T23:13:15.876436+00:00 DEBUG 'ansible_navigator.main' After rollback: pass_environment_variable = 'Not set' (Constants/Not set)
2023-07-20T23:13:15.876465+00:00 DEBUG 'ansible_navigator.main' After rollback: playbook = 'Not set' (Constants/Not set)
2023-07-20T23:13:15.876492+00:00 DEBUG 'ansible_navigator.main' After rollback: playbook_artifact_enable = 'Not set' (Constants/Not set)
2023-07-20T23:13:15.876518+00:00 DEBUG 'ansible_navigator.main' After rollback: playbook_artifact_replay = 'Not set' (Constants/Not set)
2023-07-20T23:13:15.876544+00:00 DEBUG 'ansible_navigator.main' After rollback: playbook_artifact_save_as = 'Not set' (Constants/Not set)
2023-07-20T23:13:15.876569+00:00 DEBUG 'ansible_navigator.main' After rollback: plugin_name = 'Not set' (Constants/Not set)
2023-07-20T23:13:15.876595+00:00 DEBUG 'ansible_navigator.main' After rollback: plugin_type = 'Not set' (Constants/Not set)
2023-07-20T23:13:15.876621+00:00 DEBUG 'ansible_navigator.main' After rollback: pull_arguments = 'Not set' (Constants/Not set)
2023-07-20T23:13:15.876646+00:00 DEBUG 'ansible_navigator.main' After rollback: pull_policy = 'Not set' (Constants/Not set)
2023-07-20T23:13:15.876672+00:00 DEBUG 'ansible_navigator.main' After rollback: set_environment_variable = 'Not set' (Constants/Not set)
2023-07-20T23:13:15.876697+00:00 DEBUG 'ansible_navigator.main' After rollback: settings_effective = 'Not set' (Constants/Not set)
2023-07-20T23:13:15.876723+00:00 DEBUG 'ansible_navigator.main' After rollback: settings_sample = 'Not set' (Constants/Not set)
2023-07-20T23:13:15.876748+00:00 DEBUG 'ansible_navigator.main' After rollback: settings_schema = 'Not set' (Constants/Not set)
2023-07-20T23:13:15.876774+00:00 DEBUG 'ansible_navigator.main' After rollback: settings_sources = 'Not set' (Constants/Not set)
2023-07-20T23:13:15.876807+00:00 DEBUG 'ansible_navigator.main' After rollback: time_zone = 'Not set' (Constants/Not set)
2023-07-20T23:13:15.876840+00:00 DEBUG 'ansible_navigator.main' After rollback: workdir = 'Not set' (Constants/Not set)
2023-07-20T23:13:15.876867+00:00 DEBUG 'ansible_navigator.main' Configuration rollback complete.
2023-07-20T23:13:15.876893+00:00 DEBUG 'ansible_navigator.main' Collection doc cache not mounted
2023-07-20T23:13:15.876926+00:00 WARNING 'ansible_navigator.main' Issues were found while applying the settings.
2023-07-20T23:13:15.876956+00:00 INFO 'ansible_navigator.main' Command provided: 'inventory --list'
2023-07-20T23:13:15.876987+00:00 ERROR 'ansible_navigator.main' An inventory is required when using the inventory subcommand
2023-07-20T23:13:15.877016+00:00 INFO 'ansible_navigator.main' Try again with '-i <path to inventory>'
2023-07-20T23:13:15.877045+00:00 INFO 'ansible_navigator.main' Configuration failed, using default log file location. (/home/jcadmus/ansible/basic-demo/inventory/ansible-navigator.log) Log level set to debug
2023-07-20T23:13:15.877074+00:00 INFO 'ansible_navigator.main' Review the hints and log file to see what went wrong.
2023-07-20T23:13:26.052320+00:00 WARNING 'ansible_navigator.image_manager.puller._log_message' Image inspection failed, image assumed to be corrupted or missing
2023-07-20T23:13:26.052970+00:00 WARNING 'ansible_navigator.image_manager.puller._log_message' stdout: []

2023-07-20T23:13:26.053023+00:00 WARNING 'ansible_navigator.image_manager.puller._log_message' stderr: Error: inspecting object: registry.redhat.io/ansible-automation-platform-24/ee-supported-rhel8:latest: image not known

2023-07-20T23:13:26.641565+00:00 ERROR 'ansible_navigator.image_manager.puller._log_message' Execution environment pull failed
